#
# A fatal error has been detected by the Java Runtime Environment:
#
#  EXCEPTION_ACCESS_VIOLATION (0xc0000005) at pc=0x00007ffd193753a9, pid=25680, tid=12728
#
# JRE version: Java(TM) SE Runtime Environment (13.0.2+8) (build 13.0.2+8)
# Java VM: Java HotSpot(TM) 64-Bit Server VM (13.0.2+8, mixed mode, sharing, tiered, compressed oops, g1 gc, windows-amd64)
# Problematic frame:
# V  [jvm.dll+0x2453a9]
#
# No core dump will be written. Minidumps are not enabled by default on client versions of Windows
#
# If you would like to submit a bug report, please visit:
#   http://bugreport.java.com/bugreport/crash.jsp
#

---------------  S U M M A R Y ------------

Command Line: -agentlib:jdwp=transport=dt_socket,suspend=y,address=localhost:58254 -javaagent:C:\Users\guaup\eclipse\java-2020-03\eclipse\configuration\org.eclipse.osgi\223\0\.cp\lib\javaagent-shaded.jar -Dfile.encoding=Cp1252 misVideos.Uso_clases

Host: Intel(R) Core(TM) i5-10210U CPU @ 1.60GHz, 8 cores, 15G,  Windows 10 , 64 bit Build 18362 (10.0.18362.778)
Time: Wed May 20 11:54:21 2020 Hora de verano romance elapsed time: 976 seconds (0d 0h 16m 16s)

---------------  T H R E A D  ---------------

Current thread (0x0000025c41c8a800):  JavaThread "JDWP Transport Listener: dt_socket" daemon [_thread_in_vm, id=12728, stack(0x000000ff31200000,0x000000ff31300000)] _threads_hazard_ptr=0x0000025c41d8aba0

Stack: [0x000000ff31200000,0x000000ff31300000],  sp=0x000000ff312fe878,  free space=1018k
Native frames: (J=compiled Java code, j=interpreted, Vv=VM code, C=native code)
V  [jvm.dll+0x2453a9]


siginfo: EXCEPTION_ACCESS_VIOLATION (0xc0000005), reading address 0x0000025c417d48d0


Register to memory mapping:

RIP=0x00007ffd193753a9 jvm.dll
RAX=0x0000000000172340 is an unknown value
RBX=0x000000ff312feb30 is pointing into the stack for thread: 0x0000025c41c8a800
RCX=0x0000025c41662590 is pointing into metadata
RDX=0x000000000000b919 is an unknown value
RSP=0x000000ff312fe878 is pointing into the stack for thread: 0x0000025c41c8a800
RBP=0x0000000000000001 is an unknown value
RSI=0x0000000000000001 is an unknown value
RDI=0x0000025c41661150 is pointing into metadata
R8 =0x0 is NULL
R9 =0x0000025c41661150 is pointing into metadata
R10=0x0000000800baaf50 is a pointer to class: 
misVideos.Uso_clases {0x0000000800baaf58}
R11=0x000000ff312fe8e0 is pointing into the stack for thread: 0x0000025c41c8a800
R12=0x0000025c422b2f58 points into unknown readable memory: 00 de f0 12 05 01 00 00
R13=0x0000000000000078 is an unknown value
R14=0x0000025c41661c2b is pointing into metadata
R15=0x0000000000000126 is an unknown value


Registers:
RAX=0x0000000000172340, RBX=0x000000ff312feb30, RCX=0x0000025c41662590, RDX=0x000000000000b919
RSP=0x000000ff312fe878, RBP=0x0000000000000001, RSI=0x0000000000000001, RDI=0x0000025c41661150
R8 =0x0000000000000000, R9 =0x0000025c41661150, R10=0x0000000800baaf50, R11=0x000000ff312fe8e0
R12=0x0000025c422b2f58, R13=0x0000000000000078, R14=0x0000025c41661c2b, R15=0x0000000000000126
RIP=0x00007ffd193753a9, EFLAGS=0x0000000000010202

Top of Stack: (sp=0x000000ff312fe878)
0x000000ff312fe878:   00007ffd1945f913 000000ff312feb30
0x000000ff312fe888:   00007ffd1925394e 000000ff312feb30
0x000000ff312fe898:   0000025c41c8a800 000000ff00000000
0x000000ff312fe8a8:   00007ffd194639e7 000000ff312fe9c0
0x000000ff312fe8b8:   00007ffd19460183 0000b8b5ac1be2b9
0x000000ff312fe8c8:   0000b8b5ac1be2a9 0000025c41661c2b
0x000000ff312fe8d8:   000000ff312fe990 000000ff312feb30
0x000000ff312fe8e8:   00007ffd194619d2 0000025c41661c29
0x000000ff312fe8f8:   0000000000000113 0000000000000001
0x000000ff312fe908:   0000025c41661c23 000000ff00000113
0x000000ff312fe918:   6666666666666667 0000025c41662138
0x000000ff312fe928:   0000025c41c8a800 0000025c41661c24
0x000000ff312fe938:   00007ffd1925394e 0000025c41662138
0x000000ff312fe948:   0000025c000000aa 0000000000000126
0x000000ff312fe958:   00000000000000b2 00000000000000b2
0x000000ff312fe968:   00007ffd1946235e 0000025c41662138 

Instructions: (pc=0x00007ffd193753a9)
0x00007ffd193752a9:   03 03 03 03 03 03 03 03 03 03 03 03 03 03 03 03
0x00007ffd193752b9:   03 03 03 03 03 03 03 03 03 03 03 03 03 03 03 03
0x00007ffd193752c9:   03 03 03 03 03 03 03 03 03 03 03 03 03 03 03 03
0x00007ffd193752d9:   03 03 03 03 03 03 03 03 03 03 03 03 03 03 03 03
0x00007ffd193752e9:   03 03 02 03 03 02 cc 48 89 5c 24 08 48 89 74 24
0x00007ffd193752f9:   10 57 48 83 ec 20 48 63 da 41 0f b6 f0 48 8b f9
0x00007ffd19375309:   85 d2 79 24 4c 8d 0d 24 43 62 00 ba 97 02 00 00
0x00007ffd19375319:   4c 8d 05 50 43 62 00 48 8d 0d b9 42 62 00 e8 04
0x00007ffd19375329:   6b 00 00 e8 bf f7 3d 00 40 84 f6 75 18 48 8b 4f
0x00007ffd19375339:   10 48 85 c9 74 0f 48 8d 43 01 48 c1 e0 05 48 8b
0x00007ffd19375349:   04 08 0f b7 d8 48 8b 74 24 38 48 63 c3 48 8b 5c
0x00007ffd19375359:   24 30 0f b7 44 c7 40 48 83 c4 20 5f c3 cc cc cc
0x00007ffd19375369:   cc cc cc cc cc cc cc 4c 8b c9 45 84 c0 75 42 48
0x00007ffd19375379:   8b 49 10 48 85 c9 74 39 85 d2 79 1a f7 d2 48 63
0x00007ffd19375389:   c2 48 ff c0 48 c1 e0 05 48 8b 04 08 0f b7 c8 41
0x00007ffd19375399:   0f b7 44 c9 42 c3 48 63 c2 48 ff c0 48 c1 e0 05
0x00007ffd193753a9:   48 8b 04 08 0f b7 d0 48 63 c2 41 0f b7 44 c1 42
0x00007ffd193753b9:   c3 49 8b 41 08 4c 63 c2 42 0f b6 44 00 04 8d 48
0x00007ffd193753c9:   ef 80 f9 01 76 0e 3c 6a 74 0a 48 63 c2 41 0f b7
0x00007ffd193753d9:   44 c1 42 c3 43 0f b7 44 c1 42 c3 cc cc cc cc cc
0x00007ffd193753e9:   cc cc cc cc cc cc cc 40 53 48 83 ec 20 48 8b d9
0x00007ffd193753f9:   e8 72 ff ff ff 48 63 d0 0f b7 44 d3 40 48 8b 44
0x00007ffd19375409:   c3 40 48 83 c4 20 5b c3 cc cc cc cc cc cc cc cc
0x00007ffd19375419:   cc cc cc cc cc cc cc 40 53 48 83 ec 20 48 8b d9
0x00007ffd19375429:   e8 42 ff ff ff 48 63 d0 0f b7 44 d3 42 48 8b 44
0x00007ffd19375439:   c3 40 48 83 c4 20 5b c3 cc cc cc cc cc cc cc cc
0x00007ffd19375449:   cc cc cc cc cc cc cc 4c 8b d1 45 84 c9 75 23 4c
0x00007ffd19375459:   8b 49 10 4d 85 c9 74 1a 45 85 c0 79 03 41 f7 d0
0x00007ffd19375469:   49 63 c0 48 ff c0 48 c1 e0 05 4a 8b 04 08 44 0f
0x00007ffd19375479:   b7 c0 49 8b 42 08 49 63 c8 0f b6 4c 08 04 48 8b
0x00007ffd19375489:   c2 88 0a c3 cc cc cc 40 56 57 41 54 41 56 41 57
0x00007ffd19375499:   48 83 ec 20 45 8b 30 49 8b f0 49 63 f9 4c 8b e2 


Stack slot to memory mapping:
stack at sp + 0 slots: 0x00007ffd1945f913 jvm.dll
stack at sp + 1 slots: 0x000000ff312feb30 is pointing into the stack for thread: 0x0000025c41c8a800
stack at sp + 2 slots: 0x00007ffd1925394e jvm.dll
stack at sp + 3 slots: 0x000000ff312feb30 is pointing into the stack for thread: 0x0000025c41c8a800
stack at sp + 4 slots: 0x0000025c41c8a800 is a thread
stack at sp + 5 slots: 0x000000ff00000000 is an unknown value
stack at sp + 6 slots: 0x00007ffd194639e7 jvm.dll
stack at sp + 7 slots: 0x000000ff312fe9c0 is pointing into the stack for thread: 0x0000025c41c8a800


---------------  P R O C E S S  ---------------

Threads class SMR info:
_java_thread_list=0x0000025c41d8aba0, length=13, elements={
0x0000025c1d81e000, 0x0000025c411e7800, 0x0000025c411eb000, 0x0000025c41a95000,
0x0000025c41a97800, 0x0000025c41a99800, 0x0000025c41a9f000, 0x0000025c41aa1000,
0x0000025c41bc4000, 0x0000025c41c8a800, 0x0000025c41c17800, 0x0000025c41c18800,
0x0000025c41dd1800
}

Java Threads: ( => current thread )
  0x0000025c1d81e000 JavaThread "main" [_thread_blocked, id=25320, stack(0x000000ff30200000,0x000000ff30300000)]
  0x0000025c411e7800 JavaThread "Reference Handler" daemon [_thread_blocked, id=11344, stack(0x000000ff30900000,0x000000ff30a00000)]
  0x0000025c411eb000 JavaThread "Finalizer" daemon [_thread_blocked, id=24952, stack(0x000000ff30a00000,0x000000ff30b00000)]
  0x0000025c41a95000 JavaThread "Signal Dispatcher" daemon [_thread_blocked, id=4184, stack(0x000000ff30b00000,0x000000ff30c00000)]
  0x0000025c41a97800 JavaThread "Attach Listener" daemon [_thread_blocked, id=988, stack(0x000000ff30c00000,0x000000ff30d00000)]
  0x0000025c41a99800 JavaThread "C2 CompilerThread0" daemon [_thread_blocked, id=24272, stack(0x000000ff30d00000,0x000000ff30e00000)]
  0x0000025c41a9f000 JavaThread "C1 CompilerThread0" daemon [_thread_blocked, id=22588, stack(0x000000ff30e00000,0x000000ff30f00000)]
  0x0000025c41aa1000 JavaThread "Sweeper thread" daemon [_thread_blocked, id=2532, stack(0x000000ff30f00000,0x000000ff31000000)]
  0x0000025c41bc4000 JavaThread "Common-Cleaner" daemon [_thread_blocked, id=14464, stack(0x000000ff31000000,0x000000ff31100000)]
=>0x0000025c41c8a800 JavaThread "JDWP Transport Listener: dt_socket" daemon [_thread_in_vm, id=12728, stack(0x000000ff31200000,0x000000ff31300000)]
  0x0000025c41c17800 JavaThread "JDWP Event Helper Thread" daemon [_thread_blocked, id=15144, stack(0x000000ff31300000,0x000000ff31400000)]
  0x0000025c41c18800 JavaThread "JDWP Command Reader" daemon [_thread_in_native, id=1156, stack(0x000000ff31400000,0x000000ff31500000)]
  0x0000025c41dd1800 JavaThread "Service Thread" daemon [_thread_blocked, id=19068, stack(0x000000ff31500000,0x000000ff31600000)]

Other Threads:
  0x0000025c411e5800 VMThread "VM Thread" [stack: 0x000000ff30800000,0x000000ff30900000] [id=25588]
  0x0000025c41deb800 WatcherThread [stack: 0x000000ff31600000,0x000000ff31700000] [id=24568]
  0x0000025c1d887000 GCTaskThread "GC Thread#0" [stack: 0x000000ff30300000,0x000000ff30400000] [id=19744]
  0x0000025c1d8a9800 ConcurrentGCThread "G1 Main Marker" [stack: 0x000000ff30400000,0x000000ff30500000] [id=3288]
  0x0000025c1d8ab800 ConcurrentGCThread "G1 Conc#0" [stack: 0x000000ff30500000,0x000000ff30600000] [id=19500]
  0x0000025c410e4800 ConcurrentGCThread "G1 Refine#0" [stack: 0x000000ff30600000,0x000000ff30700000] [id=15024]
  0x0000025c410e6800 ConcurrentGCThread "G1 Young RemSet Sampling" [stack: 0x000000ff30700000,0x000000ff30800000] [id=5956]

Threads with active compile tasks:

VM state:not at safepoint (normal execution)

VM Mutex/Monitor currently owned by a thread: None

Heap address: 0x0000000703400000, size: 4044 MB, Compressed Oops mode: Zero based, Oop shift amount: 3
Narrow klass base: 0x0000000800000000, Narrow klass shift: 3
Compressed class space size: 1073741824 Address: 0x0000000800b40000

Heap:
 garbage-first heap   total 260096K, used 4096K [0x0000000703400000, 0x0000000800000000)
  region size 1024K, 6 young (6144K), 0 survivors (0K)
 Metaspace       used 3023K, capacity 5099K, committed 5376K, reserved 1056768K
  class space    used 283K, capacity 463K, committed 512K, reserved 1048576K
Heap Regions: E=young(eden), S=young(survivor), O=old, HS=humongous(starts), HC=humongous(continues), CS=collection set, F=free, A=archive, TAMS=top-at-mark-start (previous, next)
|   0|0x0000000703400000, 0x0000000703400000, 0x0000000703500000|  0%| F|  |TAMS 0x0000000703400000, 0x0000000703400000| Untracked 
|   1|0x0000000703500000, 0x0000000703500000, 0x0000000703600000|  0%| F|  |TAMS 0x0000000703500000, 0x0000000703500000| Untracked 
|   2|0x0000000703600000, 0x0000000703600000, 0x0000000703700000|  0%| F|  |TAMS 0x0000000703600000, 0x0000000703600000| Untracked 
|   3|0x0000000703700000, 0x0000000703700000, 0x0000000703800000|  0%| F|  |TAMS 0x0000000703700000, 0x0000000703700000| Untracked 
|   4|0x0000000703800000, 0x0000000703800000, 0x0000000703900000|  0%| F|  |TAMS 0x0000000703800000, 0x0000000703800000| Untracked 
|   5|0x0000000703900000, 0x0000000703900000, 0x0000000703a00000|  0%| F|  |TAMS 0x0000000703900000, 0x0000000703900000| Untracked 
|   6|0x0000000703a00000, 0x0000000703a00000, 0x0000000703b00000|  0%| F|  |TAMS 0x0000000703a00000, 0x0000000703a00000| Untracked 
|   7|0x0000000703b00000, 0x0000000703b00000, 0x0000000703c00000|  0%| F|  |TAMS 0x0000000703b00000, 0x0000000703b00000| Untracked 
|   8|0x0000000703c00000, 0x0000000703c00000, 0x0000000703d00000|  0%| F|  |TAMS 0x0000000703c00000, 0x0000000703c00000| Untracked 
|   9|0x0000000703d00000, 0x0000000703d00000, 0x0000000703e00000|  0%| F|  |TAMS 0x0000000703d00000, 0x0000000703d00000| Untracked 
|  10|0x0000000703e00000, 0x0000000703e00000, 0x0000000703f00000|  0%| F|  |TAMS 0x0000000703e00000, 0x0000000703e00000| Untracked 
|  11|0x0000000703f00000, 0x0000000703f00000, 0x0000000704000000|  0%| F|  |TAMS 0x0000000703f00000, 0x0000000703f00000| Untracked 
|  12|0x0000000704000000, 0x0000000704000000, 0x0000000704100000|  0%| F|  |TAMS 0x0000000704000000, 0x0000000704000000| Untracked 
|  13|0x0000000704100000, 0x0000000704100000, 0x0000000704200000|  0%| F|  |TAMS 0x0000000704100000, 0x0000000704100000| Untracked 
|  14|0x0000000704200000, 0x0000000704200000, 0x0000000704300000|  0%| F|  |TAMS 0x0000000704200000, 0x0000000704200000| Untracked 
|  15|0x0000000704300000, 0x0000000704300000, 0x0000000704400000|  0%| F|  |TAMS 0x0000000704300000, 0x0000000704300000| Untracked 
|  16|0x0000000704400000, 0x0000000704400000, 0x0000000704500000|  0%| F|  |TAMS 0x0000000704400000, 0x0000000704400000| Untracked 
|  17|0x0000000704500000, 0x0000000704500000, 0x0000000704600000|  0%| F|  |TAMS 0x0000000704500000, 0x0000000704500000| Untracked 
|  18|0x0000000704600000, 0x0000000704600000, 0x0000000704700000|  0%| F|  |TAMS 0x0000000704600000, 0x0000000704600000| Untracked 
|  19|0x0000000704700000, 0x0000000704700000, 0x0000000704800000|  0%| F|  |TAMS 0x0000000704700000, 0x0000000704700000| Untracked 
|  20|0x0000000704800000, 0x0000000704800000, 0x0000000704900000|  0%| F|  |TAMS 0x0000000704800000, 0x0000000704800000| Untracked 
|  21|0x0000000704900000, 0x0000000704900000, 0x0000000704a00000|  0%| F|  |TAMS 0x0000000704900000, 0x0000000704900000| Untracked 
|  22|0x0000000704a00000, 0x0000000704a00000, 0x0000000704b00000|  0%| F|  |TAMS 0x0000000704a00000, 0x0000000704a00000| Untracked 
|  23|0x0000000704b00000, 0x0000000704b00000, 0x0000000704c00000|  0%| F|  |TAMS 0x0000000704b00000, 0x0000000704b00000| Untracked 
|  24|0x0000000704c00000, 0x0000000704c00000, 0x0000000704d00000|  0%| F|  |TAMS 0x0000000704c00000, 0x0000000704c00000| Untracked 
|  25|0x0000000704d00000, 0x0000000704d00000, 0x0000000704e00000|  0%| F|  |TAMS 0x0000000704d00000, 0x0000000704d00000| Untracked 
|  26|0x0000000704e00000, 0x0000000704e00000, 0x0000000704f00000|  0%| F|  |TAMS 0x0000000704e00000, 0x0000000704e00000| Untracked 
|  27|0x0000000704f00000, 0x0000000704f00000, 0x0000000705000000|  0%| F|  |TAMS 0x0000000704f00000, 0x0000000704f00000| Untracked 
|  28|0x0000000705000000, 0x0000000705000000, 0x0000000705100000|  0%| F|  |TAMS 0x0000000705000000, 0x0000000705000000| Untracked 
|  29|0x0000000705100000, 0x0000000705100000, 0x0000000705200000|  0%| F|  |TAMS 0x0000000705100000, 0x0000000705100000| Untracked 
|  30|0x0000000705200000, 0x0000000705200000, 0x0000000705300000|  0%| F|  |TAMS 0x0000000705200000, 0x0000000705200000| Untracked 
|  31|0x0000000705300000, 0x0000000705300000, 0x0000000705400000|  0%| F|  |TAMS 0x0000000705300000, 0x0000000705300000| Untracked 
|  32|0x0000000705400000, 0x0000000705400000, 0x0000000705500000|  0%| F|  |TAMS 0x0000000705400000, 0x0000000705400000| Untracked 
|  33|0x0000000705500000, 0x0000000705500000, 0x0000000705600000|  0%| F|  |TAMS 0x0000000705500000, 0x0000000705500000| Untracked 
|  34|0x0000000705600000, 0x0000000705600000, 0x0000000705700000|  0%| F|  |TAMS 0x0000000705600000, 0x0000000705600000| Untracked 
|  35|0x0000000705700000, 0x0000000705700000, 0x0000000705800000|  0%| F|  |TAMS 0x0000000705700000, 0x0000000705700000| Untracked 
|  36|0x0000000705800000, 0x0000000705800000, 0x0000000705900000|  0%| F|  |TAMS 0x0000000705800000, 0x0000000705800000| Untracked 
|  37|0x0000000705900000, 0x0000000705900000, 0x0000000705a00000|  0%| F|  |TAMS 0x0000000705900000, 0x0000000705900000| Untracked 
|  38|0x0000000705a00000, 0x0000000705a00000, 0x0000000705b00000|  0%| F|  |TAMS 0x0000000705a00000, 0x0000000705a00000| Untracked 
|  39|0x0000000705b00000, 0x0000000705b00000, 0x0000000705c00000|  0%| F|  |TAMS 0x0000000705b00000, 0x0000000705b00000| Untracked 
|  40|0x0000000705c00000, 0x0000000705c00000, 0x0000000705d00000|  0%| F|  |TAMS 0x0000000705c00000, 0x0000000705c00000| Untracked 
|  41|0x0000000705d00000, 0x0000000705d00000, 0x0000000705e00000|  0%| F|  |TAMS 0x0000000705d00000, 0x0000000705d00000| Untracked 
|  42|0x0000000705e00000, 0x0000000705e00000, 0x0000000705f00000|  0%| F|  |TAMS 0x0000000705e00000, 0x0000000705e00000| Untracked 
|  43|0x0000000705f00000, 0x0000000705f00000, 0x0000000706000000|  0%| F|  |TAMS 0x0000000705f00000, 0x0000000705f00000| Untracked 
|  44|0x0000000706000000, 0x0000000706000000, 0x0000000706100000|  0%| F|  |TAMS 0x0000000706000000, 0x0000000706000000| Untracked 
|  45|0x0000000706100000, 0x0000000706100000, 0x0000000706200000|  0%| F|  |TAMS 0x0000000706100000, 0x0000000706100000| Untracked 
|  46|0x0000000706200000, 0x0000000706200000, 0x0000000706300000|  0%| F|  |TAMS 0x0000000706200000, 0x0000000706200000| Untracked 
|  47|0x0000000706300000, 0x0000000706300000, 0x0000000706400000|  0%| F|  |TAMS 0x0000000706300000, 0x0000000706300000| Untracked 
|  48|0x0000000706400000, 0x0000000706400000, 0x0000000706500000|  0%| F|  |TAMS 0x0000000706400000, 0x0000000706400000| Untracked 
|  49|0x0000000706500000, 0x0000000706500000, 0x0000000706600000|  0%| F|  |TAMS 0x0000000706500000, 0x0000000706500000| Untracked 
|  50|0x0000000706600000, 0x0000000706600000, 0x0000000706700000|  0%| F|  |TAMS 0x0000000706600000, 0x0000000706600000| Untracked 
|  51|0x0000000706700000, 0x0000000706700000, 0x0000000706800000|  0%| F|  |TAMS 0x0000000706700000, 0x0000000706700000| Untracked 
|  52|0x0000000706800000, 0x0000000706800000, 0x0000000706900000|  0%| F|  |TAMS 0x0000000706800000, 0x0000000706800000| Untracked 
|  53|0x0000000706900000, 0x0000000706900000, 0x0000000706a00000|  0%| F|  |TAMS 0x0000000706900000, 0x0000000706900000| Untracked 
|  54|0x0000000706a00000, 0x0000000706a00000, 0x0000000706b00000|  0%| F|  |TAMS 0x0000000706a00000, 0x0000000706a00000| Untracked 
|  55|0x0000000706b00000, 0x0000000706b00000, 0x0000000706c00000|  0%| F|  |TAMS 0x0000000706b00000, 0x0000000706b00000| Untracked 
|  56|0x0000000706c00000, 0x0000000706c00000, 0x0000000706d00000|  0%| F|  |TAMS 0x0000000706c00000, 0x0000000706c00000| Untracked 
|  57|0x0000000706d00000, 0x0000000706d00000, 0x0000000706e00000|  0%| F|  |TAMS 0x0000000706d00000, 0x0000000706d00000| Untracked 
|  58|0x0000000706e00000, 0x0000000706e00000, 0x0000000706f00000|  0%| F|  |TAMS 0x0000000706e00000, 0x0000000706e00000| Untracked 
|  59|0x0000000706f00000, 0x0000000706f00000, 0x0000000707000000|  0%| F|  |TAMS 0x0000000706f00000, 0x0000000706f00000| Untracked 
|  60|0x0000000707000000, 0x0000000707000000, 0x0000000707100000|  0%| F|  |TAMS 0x0000000707000000, 0x0000000707000000| Untracked 
|  61|0x0000000707100000, 0x0000000707100000, 0x0000000707200000|  0%| F|  |TAMS 0x0000000707100000, 0x0000000707100000| Untracked 
|  62|0x0000000707200000, 0x0000000707200000, 0x0000000707300000|  0%| F|  |TAMS 0x0000000707200000, 0x0000000707200000| Untracked 
|  63|0x0000000707300000, 0x0000000707300000, 0x0000000707400000|  0%| F|  |TAMS 0x0000000707300000, 0x0000000707300000| Untracked 
|  64|0x0000000707400000, 0x0000000707400000, 0x0000000707500000|  0%| F|  |TAMS 0x0000000707400000, 0x0000000707400000| Untracked 
|  65|0x0000000707500000, 0x0000000707500000, 0x0000000707600000|  0%| F|  |TAMS 0x0000000707500000, 0x0000000707500000| Untracked 
|  66|0x0000000707600000, 0x0000000707600000, 0x0000000707700000|  0%| F|  |TAMS 0x0000000707600000, 0x0000000707600000| Untracked 
|  67|0x0000000707700000, 0x0000000707700000, 0x0000000707800000|  0%| F|  |TAMS 0x0000000707700000, 0x0000000707700000| Untracked 
|  68|0x0000000707800000, 0x0000000707800000, 0x0000000707900000|  0%| F|  |TAMS 0x0000000707800000, 0x0000000707800000| Untracked 
|  69|0x0000000707900000, 0x0000000707900000, 0x0000000707a00000|  0%| F|  |TAMS 0x0000000707900000, 0x0000000707900000| Untracked 
|  70|0x0000000707a00000, 0x0000000707a00000, 0x0000000707b00000|  0%| F|  |TAMS 0x0000000707a00000, 0x0000000707a00000| Untracked 
|  71|0x0000000707b00000, 0x0000000707b00000, 0x0000000707c00000|  0%| F|  |TAMS 0x0000000707b00000, 0x0000000707b00000| Untracked 
|  72|0x0000000707c00000, 0x0000000707c00000, 0x0000000707d00000|  0%| F|  |TAMS 0x0000000707c00000, 0x0000000707c00000| Untracked 
|  73|0x0000000707d00000, 0x0000000707d00000, 0x0000000707e00000|  0%| F|  |TAMS 0x0000000707d00000, 0x0000000707d00000| Untracked 
|  74|0x0000000707e00000, 0x0000000707e00000, 0x0000000707f00000|  0%| F|  |TAMS 0x0000000707e00000, 0x0000000707e00000| Untracked 
|  75|0x0000000707f00000, 0x0000000707f00000, 0x0000000708000000|  0%| F|  |TAMS 0x0000000707f00000, 0x0000000707f00000| Untracked 
|  76|0x0000000708000000, 0x0000000708000000, 0x0000000708100000|  0%| F|  |TAMS 0x0000000708000000, 0x0000000708000000| Untracked 
|  77|0x0000000708100000, 0x0000000708100000, 0x0000000708200000|  0%| F|  |TAMS 0x0000000708100000, 0x0000000708100000| Untracked 
|  78|0x0000000708200000, 0x0000000708200000, 0x0000000708300000|  0%| F|  |TAMS 0x0000000708200000, 0x0000000708200000| Untracked 
|  79|0x0000000708300000, 0x0000000708300000, 0x0000000708400000|  0%| F|  |TAMS 0x0000000708300000, 0x0000000708300000| Untracked 
|  80|0x0000000708400000, 0x0000000708400000, 0x0000000708500000|  0%| F|  |TAMS 0x0000000708400000, 0x0000000708400000| Untracked 
|  81|0x0000000708500000, 0x0000000708500000, 0x0000000708600000|  0%| F|  |TAMS 0x0000000708500000, 0x0000000708500000| Untracked 
|  82|0x0000000708600000, 0x0000000708600000, 0x0000000708700000|  0%| F|  |TAMS 0x0000000708600000, 0x0000000708600000| Untracked 
|  83|0x0000000708700000, 0x0000000708700000, 0x0000000708800000|  0%| F|  |TAMS 0x0000000708700000, 0x0000000708700000| Untracked 
|  84|0x0000000708800000, 0x0000000708800000, 0x0000000708900000|  0%| F|  |TAMS 0x0000000708800000, 0x0000000708800000| Untracked 
|  85|0x0000000708900000, 0x0000000708900000, 0x0000000708a00000|  0%| F|  |TAMS 0x0000000708900000, 0x0000000708900000| Untracked 
|  86|0x0000000708a00000, 0x0000000708a00000, 0x0000000708b00000|  0%| F|  |TAMS 0x0000000708a00000, 0x0000000708a00000| Untracked 
|  87|0x0000000708b00000, 0x0000000708b00000, 0x0000000708c00000|  0%| F|  |TAMS 0x0000000708b00000, 0x0000000708b00000| Untracked 
|  88|0x0000000708c00000, 0x0000000708c00000, 0x0000000708d00000|  0%| F|  |TAMS 0x0000000708c00000, 0x0000000708c00000| Untracked 
|  89|0x0000000708d00000, 0x0000000708d00000, 0x0000000708e00000|  0%| F|  |TAMS 0x0000000708d00000, 0x0000000708d00000| Untracked 
|  90|0x0000000708e00000, 0x0000000708e00000, 0x0000000708f00000|  0%| F|  |TAMS 0x0000000708e00000, 0x0000000708e00000| Untracked 
|  91|0x0000000708f00000, 0x0000000708f00000, 0x0000000709000000|  0%| F|  |TAMS 0x0000000708f00000, 0x0000000708f00000| Untracked 
|  92|0x0000000709000000, 0x0000000709000000, 0x0000000709100000|  0%| F|  |TAMS 0x0000000709000000, 0x0000000709000000| Untracked 
|  93|0x0000000709100000, 0x0000000709100000, 0x0000000709200000|  0%| F|  |TAMS 0x0000000709100000, 0x0000000709100000| Untracked 
|  94|0x0000000709200000, 0x0000000709200000, 0x0000000709300000|  0%| F|  |TAMS 0x0000000709200000, 0x0000000709200000| Untracked 
|  95|0x0000000709300000, 0x0000000709300000, 0x0000000709400000|  0%| F|  |TAMS 0x0000000709300000, 0x0000000709300000| Untracked 
|  96|0x0000000709400000, 0x0000000709400000, 0x0000000709500000|  0%| F|  |TAMS 0x0000000709400000, 0x0000000709400000| Untracked 
|  97|0x0000000709500000, 0x0000000709500000, 0x0000000709600000|  0%| F|  |TAMS 0x0000000709500000, 0x0000000709500000| Untracked 
|  98|0x0000000709600000, 0x0000000709600000, 0x0000000709700000|  0%| F|  |TAMS 0x0000000709600000, 0x0000000709600000| Untracked 
|  99|0x0000000709700000, 0x0000000709700000, 0x0000000709800000|  0%| F|  |TAMS 0x0000000709700000, 0x0000000709700000| Untracked 
| 100|0x0000000709800000, 0x0000000709800000, 0x0000000709900000|  0%| F|  |TAMS 0x0000000709800000, 0x0000000709800000| Untracked 
| 101|0x0000000709900000, 0x0000000709900000, 0x0000000709a00000|  0%| F|  |TAMS 0x0000000709900000, 0x0000000709900000| Untracked 
| 102|0x0000000709a00000, 0x0000000709a00000, 0x0000000709b00000|  0%| F|  |TAMS 0x0000000709a00000, 0x0000000709a00000| Untracked 
| 103|0x0000000709b00000, 0x0000000709b00000, 0x0000000709c00000|  0%| F|  |TAMS 0x0000000709b00000, 0x0000000709b00000| Untracked 
| 104|0x0000000709c00000, 0x0000000709c00000, 0x0000000709d00000|  0%| F|  |TAMS 0x0000000709c00000, 0x0000000709c00000| Untracked 
| 105|0x0000000709d00000, 0x0000000709d00000, 0x0000000709e00000|  0%| F|  |TAMS 0x0000000709d00000, 0x0000000709d00000| Untracked 
| 106|0x0000000709e00000, 0x0000000709e00000, 0x0000000709f00000|  0%| F|  |TAMS 0x0000000709e00000, 0x0000000709e00000| Untracked 
| 107|0x0000000709f00000, 0x0000000709f00000, 0x000000070a000000|  0%| F|  |TAMS 0x0000000709f00000, 0x0000000709f00000| Untracked 
| 108|0x000000070a000000, 0x000000070a000000, 0x000000070a100000|  0%| F|  |TAMS 0x000000070a000000, 0x000000070a000000| Untracked 
| 109|0x000000070a100000, 0x000000070a100000, 0x000000070a200000|  0%| F|  |TAMS 0x000000070a100000, 0x000000070a100000| Untracked 
| 110|0x000000070a200000, 0x000000070a200000, 0x000000070a300000|  0%| F|  |TAMS 0x000000070a200000, 0x000000070a200000| Untracked 
| 111|0x000000070a300000, 0x000000070a300000, 0x000000070a400000|  0%| F|  |TAMS 0x000000070a300000, 0x000000070a300000| Untracked 
| 112|0x000000070a400000, 0x000000070a400000, 0x000000070a500000|  0%| F|  |TAMS 0x000000070a400000, 0x000000070a400000| Untracked 
| 113|0x000000070a500000, 0x000000070a500000, 0x000000070a600000|  0%| F|  |TAMS 0x000000070a500000, 0x000000070a500000| Untracked 
| 114|0x000000070a600000, 0x000000070a600000, 0x000000070a700000|  0%| F|  |TAMS 0x000000070a600000, 0x000000070a600000| Untracked 
| 115|0x000000070a700000, 0x000000070a700000, 0x000000070a800000|  0%| F|  |TAMS 0x000000070a700000, 0x000000070a700000| Untracked 
| 116|0x000000070a800000, 0x000000070a800000, 0x000000070a900000|  0%| F|  |TAMS 0x000000070a800000, 0x000000070a800000| Untracked 
| 117|0x000000070a900000, 0x000000070a900000, 0x000000070aa00000|  0%| F|  |TAMS 0x000000070a900000, 0x000000070a900000| Untracked 
| 118|0x000000070aa00000, 0x000000070aa00000, 0x000000070ab00000|  0%| F|  |TAMS 0x000000070aa00000, 0x000000070aa00000| Untracked 
| 119|0x000000070ab00000, 0x000000070ab00000, 0x000000070ac00000|  0%| F|  |TAMS 0x000000070ab00000, 0x000000070ab00000| Untracked 
| 120|0x000000070ac00000, 0x000000070ac00000, 0x000000070ad00000|  0%| F|  |TAMS 0x000000070ac00000, 0x000000070ac00000| Untracked 
| 121|0x000000070ad00000, 0x000000070ad00000, 0x000000070ae00000|  0%| F|  |TAMS 0x000000070ad00000, 0x000000070ad00000| Untracked 
| 122|0x000000070ae00000, 0x000000070ae00000, 0x000000070af00000|  0%| F|  |TAMS 0x000000070ae00000, 0x000000070ae00000| Untracked 
| 123|0x000000070af00000, 0x000000070af00000, 0x000000070b000000|  0%| F|  |TAMS 0x000000070af00000, 0x000000070af00000| Untracked 
| 124|0x000000070b000000, 0x000000070b000000, 0x000000070b100000|  0%| F|  |TAMS 0x000000070b000000, 0x000000070b000000| Untracked 
| 125|0x000000070b100000, 0x000000070b100000, 0x000000070b200000|  0%| F|  |TAMS 0x000000070b100000, 0x000000070b100000| Untracked 
| 126|0x000000070b200000, 0x000000070b200000, 0x000000070b300000|  0%| F|  |TAMS 0x000000070b200000, 0x000000070b200000| Untracked 
| 127|0x000000070b300000, 0x000000070b300000, 0x000000070b400000|  0%| F|  |TAMS 0x000000070b300000, 0x000000070b300000| Untracked 
| 128|0x000000070b400000, 0x000000070b400000, 0x000000070b500000|  0%| F|  |TAMS 0x000000070b400000, 0x000000070b400000| Untracked 
| 129|0x000000070b500000, 0x000000070b500000, 0x000000070b600000|  0%| F|  |TAMS 0x000000070b500000, 0x000000070b500000| Untracked 
| 130|0x000000070b600000, 0x000000070b600000, 0x000000070b700000|  0%| F|  |TAMS 0x000000070b600000, 0x000000070b600000| Untracked 
| 131|0x000000070b700000, 0x000000070b700000, 0x000000070b800000|  0%| F|  |TAMS 0x000000070b700000, 0x000000070b700000| Untracked 
| 132|0x000000070b800000, 0x000000070b800000, 0x000000070b900000|  0%| F|  |TAMS 0x000000070b800000, 0x000000070b800000| Untracked 
| 133|0x000000070b900000, 0x000000070b900000, 0x000000070ba00000|  0%| F|  |TAMS 0x000000070b900000, 0x000000070b900000| Untracked 
| 134|0x000000070ba00000, 0x000000070ba00000, 0x000000070bb00000|  0%| F|  |TAMS 0x000000070ba00000, 0x000000070ba00000| Untracked 
| 135|0x000000070bb00000, 0x000000070bb00000, 0x000000070bc00000|  0%| F|  |TAMS 0x000000070bb00000, 0x000000070bb00000| Untracked 
| 136|0x000000070bc00000, 0x000000070bc00000, 0x000000070bd00000|  0%| F|  |TAMS 0x000000070bc00000, 0x000000070bc00000| Untracked 
| 137|0x000000070bd00000, 0x000000070bd00000, 0x000000070be00000|  0%| F|  |TAMS 0x000000070bd00000, 0x000000070bd00000| Untracked 
| 138|0x000000070be00000, 0x000000070be00000, 0x000000070bf00000|  0%| F|  |TAMS 0x000000070be00000, 0x000000070be00000| Untracked 
| 139|0x000000070bf00000, 0x000000070bf00000, 0x000000070c000000|  0%| F|  |TAMS 0x000000070bf00000, 0x000000070bf00000| Untracked 
| 140|0x000000070c000000, 0x000000070c000000, 0x000000070c100000|  0%| F|  |TAMS 0x000000070c000000, 0x000000070c000000| Untracked 
| 141|0x000000070c100000, 0x000000070c100000, 0x000000070c200000|  0%| F|  |TAMS 0x000000070c100000, 0x000000070c100000| Untracked 
| 142|0x000000070c200000, 0x000000070c200000, 0x000000070c300000|  0%| F|  |TAMS 0x000000070c200000, 0x000000070c200000| Untracked 
| 143|0x000000070c300000, 0x000000070c300000, 0x000000070c400000|  0%| F|  |TAMS 0x000000070c300000, 0x000000070c300000| Untracked 
| 144|0x000000070c400000, 0x000000070c400000, 0x000000070c500000|  0%| F|  |TAMS 0x000000070c400000, 0x000000070c400000| Untracked 
| 145|0x000000070c500000, 0x000000070c500000, 0x000000070c600000|  0%| F|  |TAMS 0x000000070c500000, 0x000000070c500000| Untracked 
| 146|0x000000070c600000, 0x000000070c600000, 0x000000070c700000|  0%| F|  |TAMS 0x000000070c600000, 0x000000070c600000| Untracked 
| 147|0x000000070c700000, 0x000000070c700000, 0x000000070c800000|  0%| F|  |TAMS 0x000000070c700000, 0x000000070c700000| Untracked 
| 148|0x000000070c800000, 0x000000070c800000, 0x000000070c900000|  0%| F|  |TAMS 0x000000070c800000, 0x000000070c800000| Untracked 
| 149|0x000000070c900000, 0x000000070c900000, 0x000000070ca00000|  0%| F|  |TAMS 0x000000070c900000, 0x000000070c900000| Untracked 
| 150|0x000000070ca00000, 0x000000070ca00000, 0x000000070cb00000|  0%| F|  |TAMS 0x000000070ca00000, 0x000000070ca00000| Untracked 
| 151|0x000000070cb00000, 0x000000070cb00000, 0x000000070cc00000|  0%| F|  |TAMS 0x000000070cb00000, 0x000000070cb00000| Untracked 
| 152|0x000000070cc00000, 0x000000070cc00000, 0x000000070cd00000|  0%| F|  |TAMS 0x000000070cc00000, 0x000000070cc00000| Untracked 
| 153|0x000000070cd00000, 0x000000070cd00000, 0x000000070ce00000|  0%| F|  |TAMS 0x000000070cd00000, 0x000000070cd00000| Untracked 
| 154|0x000000070ce00000, 0x000000070ce00000, 0x000000070cf00000|  0%| F|  |TAMS 0x000000070ce00000, 0x000000070ce00000| Untracked 
| 155|0x000000070cf00000, 0x000000070cf00000, 0x000000070d000000|  0%| F|  |TAMS 0x000000070cf00000, 0x000000070cf00000| Untracked 
| 156|0x000000070d000000, 0x000000070d000000, 0x000000070d100000|  0%| F|  |TAMS 0x000000070d000000, 0x000000070d000000| Untracked 
| 157|0x000000070d100000, 0x000000070d100000, 0x000000070d200000|  0%| F|  |TAMS 0x000000070d100000, 0x000000070d100000| Untracked 
| 158|0x000000070d200000, 0x000000070d200000, 0x000000070d300000|  0%| F|  |TAMS 0x000000070d200000, 0x000000070d200000| Untracked 
| 159|0x000000070d300000, 0x000000070d300000, 0x000000070d400000|  0%| F|  |TAMS 0x000000070d300000, 0x000000070d300000| Untracked 
| 160|0x000000070d400000, 0x000000070d400000, 0x000000070d500000|  0%| F|  |TAMS 0x000000070d400000, 0x000000070d400000| Untracked 
| 161|0x000000070d500000, 0x000000070d500000, 0x000000070d600000|  0%| F|  |TAMS 0x000000070d500000, 0x000000070d500000| Untracked 
| 162|0x000000070d600000, 0x000000070d600000, 0x000000070d700000|  0%| F|  |TAMS 0x000000070d600000, 0x000000070d600000| Untracked 
| 163|0x000000070d700000, 0x000000070d700000, 0x000000070d800000|  0%| F|  |TAMS 0x000000070d700000, 0x000000070d700000| Untracked 
| 164|0x000000070d800000, 0x000000070d800000, 0x000000070d900000|  0%| F|  |TAMS 0x000000070d800000, 0x000000070d800000| Untracked 
| 165|0x000000070d900000, 0x000000070d900000, 0x000000070da00000|  0%| F|  |TAMS 0x000000070d900000, 0x000000070d900000| Untracked 
| 166|0x000000070da00000, 0x000000070da00000, 0x000000070db00000|  0%| F|  |TAMS 0x000000070da00000, 0x000000070da00000| Untracked 
| 167|0x000000070db00000, 0x000000070db00000, 0x000000070dc00000|  0%| F|  |TAMS 0x000000070db00000, 0x000000070db00000| Untracked 
| 168|0x000000070dc00000, 0x000000070dc00000, 0x000000070dd00000|  0%| F|  |TAMS 0x000000070dc00000, 0x000000070dc00000| Untracked 
| 169|0x000000070dd00000, 0x000000070dd00000, 0x000000070de00000|  0%| F|  |TAMS 0x000000070dd00000, 0x000000070dd00000| Untracked 
| 170|0x000000070de00000, 0x000000070de00000, 0x000000070df00000|  0%| F|  |TAMS 0x000000070de00000, 0x000000070de00000| Untracked 
| 171|0x000000070df00000, 0x000000070df00000, 0x000000070e000000|  0%| F|  |TAMS 0x000000070df00000, 0x000000070df00000| Untracked 
| 172|0x000000070e000000, 0x000000070e000000, 0x000000070e100000|  0%| F|  |TAMS 0x000000070e000000, 0x000000070e000000| Untracked 
| 173|0x000000070e100000, 0x000000070e100000, 0x000000070e200000|  0%| F|  |TAMS 0x000000070e100000, 0x000000070e100000| Untracked 
| 174|0x000000070e200000, 0x000000070e200000, 0x000000070e300000|  0%| F|  |TAMS 0x000000070e200000, 0x000000070e200000| Untracked 
| 175|0x000000070e300000, 0x000000070e300000, 0x000000070e400000|  0%| F|  |TAMS 0x000000070e300000, 0x000000070e300000| Untracked 
| 176|0x000000070e400000, 0x000000070e400000, 0x000000070e500000|  0%| F|  |TAMS 0x000000070e400000, 0x000000070e400000| Untracked 
| 177|0x000000070e500000, 0x000000070e500000, 0x000000070e600000|  0%| F|  |TAMS 0x000000070e500000, 0x000000070e500000| Untracked 
| 178|0x000000070e600000, 0x000000070e600000, 0x000000070e700000|  0%| F|  |TAMS 0x000000070e600000, 0x000000070e600000| Untracked 
| 179|0x000000070e700000, 0x000000070e700000, 0x000000070e800000|  0%| F|  |TAMS 0x000000070e700000, 0x000000070e700000| Untracked 
| 180|0x000000070e800000, 0x000000070e800000, 0x000000070e900000|  0%| F|  |TAMS 0x000000070e800000, 0x000000070e800000| Untracked 
| 181|0x000000070e900000, 0x000000070e900000, 0x000000070ea00000|  0%| F|  |TAMS 0x000000070e900000, 0x000000070e900000| Untracked 
| 182|0x000000070ea00000, 0x000000070ea00000, 0x000000070eb00000|  0%| F|  |TAMS 0x000000070ea00000, 0x000000070ea00000| Untracked 
| 183|0x000000070eb00000, 0x000000070eb00000, 0x000000070ec00000|  0%| F|  |TAMS 0x000000070eb00000, 0x000000070eb00000| Untracked 
| 184|0x000000070ec00000, 0x000000070ec00000, 0x000000070ed00000|  0%| F|  |TAMS 0x000000070ec00000, 0x000000070ec00000| Untracked 
| 185|0x000000070ed00000, 0x000000070ed00000, 0x000000070ee00000|  0%| F|  |TAMS 0x000000070ed00000, 0x000000070ed00000| Untracked 
| 186|0x000000070ee00000, 0x000000070ee00000, 0x000000070ef00000|  0%| F|  |TAMS 0x000000070ee00000, 0x000000070ee00000| Untracked 
| 187|0x000000070ef00000, 0x000000070ef00000, 0x000000070f000000|  0%| F|  |TAMS 0x000000070ef00000, 0x000000070ef00000| Untracked 
| 188|0x000000070f000000, 0x000000070f000000, 0x000000070f100000|  0%| F|  |TAMS 0x000000070f000000, 0x000000070f000000| Untracked 
| 189|0x000000070f100000, 0x000000070f100000, 0x000000070f200000|  0%| F|  |TAMS 0x000000070f100000, 0x000000070f100000| Untracked 
| 190|0x000000070f200000, 0x000000070f200000, 0x000000070f300000|  0%| F|  |TAMS 0x000000070f200000, 0x000000070f200000| Untracked 
| 191|0x000000070f300000, 0x000000070f300000, 0x000000070f400000|  0%| F|  |TAMS 0x000000070f300000, 0x000000070f300000| Untracked 
| 192|0x000000070f400000, 0x000000070f400000, 0x000000070f500000|  0%| F|  |TAMS 0x000000070f400000, 0x000000070f400000| Untracked 
| 193|0x000000070f500000, 0x000000070f500000, 0x000000070f600000|  0%| F|  |TAMS 0x000000070f500000, 0x000000070f500000| Untracked 
| 194|0x000000070f600000, 0x000000070f600000, 0x000000070f700000|  0%| F|  |TAMS 0x000000070f600000, 0x000000070f600000| Untracked 
| 195|0x000000070f700000, 0x000000070f700000, 0x000000070f800000|  0%| F|  |TAMS 0x000000070f700000, 0x000000070f700000| Untracked 
| 196|0x000000070f800000, 0x000000070f800000, 0x000000070f900000|  0%| F|  |TAMS 0x000000070f800000, 0x000000070f800000| Untracked 
| 197|0x000000070f900000, 0x000000070f900000, 0x000000070fa00000|  0%| F|  |TAMS 0x000000070f900000, 0x000000070f900000| Untracked 
| 198|0x000000070fa00000, 0x000000070fa00000, 0x000000070fb00000|  0%| F|  |TAMS 0x000000070fa00000, 0x000000070fa00000| Untracked 
| 199|0x000000070fb00000, 0x000000070fb00000, 0x000000070fc00000|  0%| F|  |TAMS 0x000000070fb00000, 0x000000070fb00000| Untracked 
| 200|0x000000070fc00000, 0x000000070fc00000, 0x000000070fd00000|  0%| F|  |TAMS 0x000000070fc00000, 0x000000070fc00000| Untracked 
| 201|0x000000070fd00000, 0x000000070fd00000, 0x000000070fe00000|  0%| F|  |TAMS 0x000000070fd00000, 0x000000070fd00000| Untracked 
| 202|0x000000070fe00000, 0x000000070fe00000, 0x000000070ff00000|  0%| F|  |TAMS 0x000000070fe00000, 0x000000070fe00000| Untracked 
| 203|0x000000070ff00000, 0x000000070ff00000, 0x0000000710000000|  0%| F|  |TAMS 0x000000070ff00000, 0x000000070ff00000| Untracked 
| 204|0x0000000710000000, 0x0000000710000000, 0x0000000710100000|  0%| F|  |TAMS 0x0000000710000000, 0x0000000710000000| Untracked 
| 205|0x0000000710100000, 0x0000000710100000, 0x0000000710200000|  0%| F|  |TAMS 0x0000000710100000, 0x0000000710100000| Untracked 
| 206|0x0000000710200000, 0x0000000710200000, 0x0000000710300000|  0%| F|  |TAMS 0x0000000710200000, 0x0000000710200000| Untracked 
| 207|0x0000000710300000, 0x0000000710300000, 0x0000000710400000|  0%| F|  |TAMS 0x0000000710300000, 0x0000000710300000| Untracked 
| 208|0x0000000710400000, 0x0000000710400000, 0x0000000710500000|  0%| F|  |TAMS 0x0000000710400000, 0x0000000710400000| Untracked 
| 209|0x0000000710500000, 0x0000000710500000, 0x0000000710600000|  0%| F|  |TAMS 0x0000000710500000, 0x0000000710500000| Untracked 
| 210|0x0000000710600000, 0x0000000710600000, 0x0000000710700000|  0%| F|  |TAMS 0x0000000710600000, 0x0000000710600000| Untracked 
| 211|0x0000000710700000, 0x0000000710700000, 0x0000000710800000|  0%| F|  |TAMS 0x0000000710700000, 0x0000000710700000| Untracked 
| 212|0x0000000710800000, 0x0000000710800000, 0x0000000710900000|  0%| F|  |TAMS 0x0000000710800000, 0x0000000710800000| Untracked 
| 213|0x0000000710900000, 0x0000000710900000, 0x0000000710a00000|  0%| F|  |TAMS 0x0000000710900000, 0x0000000710900000| Untracked 
| 214|0x0000000710a00000, 0x0000000710a00000, 0x0000000710b00000|  0%| F|  |TAMS 0x0000000710a00000, 0x0000000710a00000| Untracked 
| 215|0x0000000710b00000, 0x0000000710b00000, 0x0000000710c00000|  0%| F|  |TAMS 0x0000000710b00000, 0x0000000710b00000| Untracked 
| 216|0x0000000710c00000, 0x0000000710c00000, 0x0000000710d00000|  0%| F|  |TAMS 0x0000000710c00000, 0x0000000710c00000| Untracked 
| 217|0x0000000710d00000, 0x0000000710d00000, 0x0000000710e00000|  0%| F|  |TAMS 0x0000000710d00000, 0x0000000710d00000| Untracked 
| 218|0x0000000710e00000, 0x0000000710e00000, 0x0000000710f00000|  0%| F|  |TAMS 0x0000000710e00000, 0x0000000710e00000| Untracked 
| 219|0x0000000710f00000, 0x0000000710f00000, 0x0000000711000000|  0%| F|  |TAMS 0x0000000710f00000, 0x0000000710f00000| Untracked 
| 220|0x0000000711000000, 0x0000000711000000, 0x0000000711100000|  0%| F|  |TAMS 0x0000000711000000, 0x0000000711000000| Untracked 
| 221|0x0000000711100000, 0x0000000711100000, 0x0000000711200000|  0%| F|  |TAMS 0x0000000711100000, 0x0000000711100000| Untracked 
| 222|0x0000000711200000, 0x0000000711200000, 0x0000000711300000|  0%| F|  |TAMS 0x0000000711200000, 0x0000000711200000| Untracked 
| 223|0x0000000711300000, 0x0000000711300000, 0x0000000711400000|  0%| F|  |TAMS 0x0000000711300000, 0x0000000711300000| Untracked 
| 224|0x0000000711400000, 0x0000000711400000, 0x0000000711500000|  0%| F|  |TAMS 0x0000000711400000, 0x0000000711400000| Untracked 
| 225|0x0000000711500000, 0x0000000711500000, 0x0000000711600000|  0%| F|  |TAMS 0x0000000711500000, 0x0000000711500000| Untracked 
| 226|0x0000000711600000, 0x0000000711600000, 0x0000000711700000|  0%| F|  |TAMS 0x0000000711600000, 0x0000000711600000| Untracked 
| 227|0x0000000711700000, 0x0000000711700000, 0x0000000711800000|  0%| F|  |TAMS 0x0000000711700000, 0x0000000711700000| Untracked 
| 228|0x0000000711800000, 0x0000000711800000, 0x0000000711900000|  0%| F|  |TAMS 0x0000000711800000, 0x0000000711800000| Untracked 
| 229|0x0000000711900000, 0x0000000711900000, 0x0000000711a00000|  0%| F|  |TAMS 0x0000000711900000, 0x0000000711900000| Untracked 
| 230|0x0000000711a00000, 0x0000000711a00000, 0x0000000711b00000|  0%| F|  |TAMS 0x0000000711a00000, 0x0000000711a00000| Untracked 
| 231|0x0000000711b00000, 0x0000000711b00000, 0x0000000711c00000|  0%| F|  |TAMS 0x0000000711b00000, 0x0000000711b00000| Untracked 
| 232|0x0000000711c00000, 0x0000000711c00000, 0x0000000711d00000|  0%| F|  |TAMS 0x0000000711c00000, 0x0000000711c00000| Untracked 
| 233|0x0000000711d00000, 0x0000000711d00000, 0x0000000711e00000|  0%| F|  |TAMS 0x0000000711d00000, 0x0000000711d00000| Untracked 
| 234|0x0000000711e00000, 0x0000000711e00000, 0x0000000711f00000|  0%| F|  |TAMS 0x0000000711e00000, 0x0000000711e00000| Untracked 
| 235|0x0000000711f00000, 0x0000000711f00000, 0x0000000712000000|  0%| F|  |TAMS 0x0000000711f00000, 0x0000000711f00000| Untracked 
| 236|0x0000000712000000, 0x0000000712000000, 0x0000000712100000|  0%| F|  |TAMS 0x0000000712000000, 0x0000000712000000| Untracked 
| 237|0x0000000712100000, 0x0000000712100000, 0x0000000712200000|  0%| F|  |TAMS 0x0000000712100000, 0x0000000712100000| Untracked 
| 238|0x0000000712200000, 0x0000000712200000, 0x0000000712300000|  0%| F|  |TAMS 0x0000000712200000, 0x0000000712200000| Untracked 
| 239|0x0000000712300000, 0x0000000712300000, 0x0000000712400000|  0%| F|  |TAMS 0x0000000712300000, 0x0000000712300000| Untracked 
| 240|0x0000000712400000, 0x0000000712400000, 0x0000000712500000|  0%| F|  |TAMS 0x0000000712400000, 0x0000000712400000| Untracked 
| 241|0x0000000712500000, 0x0000000712500000, 0x0000000712600000|  0%| F|  |TAMS 0x0000000712500000, 0x0000000712500000| Untracked 
| 242|0x0000000712600000, 0x0000000712600000, 0x0000000712700000|  0%| F|  |TAMS 0x0000000712600000, 0x0000000712600000| Untracked 
| 243|0x0000000712700000, 0x0000000712700000, 0x0000000712800000|  0%| F|  |TAMS 0x0000000712700000, 0x0000000712700000| Untracked 
| 244|0x0000000712800000, 0x0000000712800000, 0x0000000712900000|  0%| F|  |TAMS 0x0000000712800000, 0x0000000712800000| Untracked 
| 245|0x0000000712900000, 0x0000000712900000, 0x0000000712a00000|  0%| F|  |TAMS 0x0000000712900000, 0x0000000712900000| Untracked 
| 246|0x0000000712a00000, 0x0000000712a00000, 0x0000000712b00000|  0%| F|  |TAMS 0x0000000712a00000, 0x0000000712a00000| Untracked 
| 247|0x0000000712b00000, 0x0000000712b00000, 0x0000000712c00000|  0%| F|  |TAMS 0x0000000712b00000, 0x0000000712b00000| Untracked 
| 248|0x0000000712c00000, 0x0000000712cf8b88, 0x0000000712d00000| 97%| E|  |TAMS 0x0000000712c00000, 0x0000000712c00000| Complete 
| 249|0x0000000712d00000, 0x0000000712e00000, 0x0000000712e00000|100%| E|CS|TAMS 0x0000000712d00000, 0x0000000712d00000| Complete 
| 250|0x0000000712e00000, 0x0000000712f00000, 0x0000000712f00000|100%| E|CS|TAMS 0x0000000712e00000, 0x0000000712e00000| Complete 
| 251|0x0000000712f00000, 0x0000000713000000, 0x0000000713000000|100%| E|  |TAMS 0x0000000712f00000, 0x0000000712f00000| Complete 
| 252|0x0000000713000000, 0x0000000713100000, 0x0000000713100000|100%| E|CS|TAMS 0x0000000713000000, 0x0000000713000000| Complete 
| 253|0x0000000713100000, 0x0000000713200000, 0x0000000713200000|100%| E|CS|TAMS 0x0000000713100000, 0x0000000713100000| Complete 

Card table byte_map: [0x0000025c35840000,0x0000025c36030000] _byte_map_base: 0x0000025c32026000

Marking Bits (Prev, Next): (CMBitMap*) 0x0000025c1d8889e8, (CMBitMap*) 0x0000025c1d888a28
 Prev Bits: [0x0000025c36820000, 0x0000025c3a750000)
 Next Bits: [0x0000025c3a750000, 0x0000025c3e680000)

Polling page: 0x0000025c1cff0000

Metaspace:

Usage:
  Non-class:      4.53 MB capacity,     2.68 MB ( 59%) used,     1.85 MB ( 41%) free+waste,     5.13 KB ( <1%) overhead. 
      Class:    463.00 KB capacity,   283.63 KB ( 61%) used,   176.63 KB ( 38%) free+waste,     2.75 KB ( <1%) overhead. 
       Both:      4.98 MB capacity,     2.95 MB ( 59%) used,     2.02 MB ( 41%) free+waste,     7.88 KB ( <1%) overhead. 

Virtual space:
  Non-class space:        8.00 MB reserved,       4.75 MB ( 59%) committed 
      Class space:        1.00 GB reserved,     512.00 KB ( <1%) committed 
             Both:        1.01 GB reserved,       5.25 MB ( <1%) committed 

Chunk freelists:
   Non-Class:  36.00 KB
       Class:  0 bytes
        Both:  36.00 KB

MaxMetaspaceSize: 17179869184.00 GB
CompressedClassSpaceSize: 1.00 GB

CodeHeap 'non-profiled nmethods': size=120000Kb used=150Kb max_used=150Kb free=119849Kb
 bounds [0x0000025c2d7f0000, 0x0000025c2da60000, 0x0000025c34d20000]
CodeHeap 'profiled nmethods': size=120000Kb used=729Kb max_used=729Kb free=119270Kb
 bounds [0x0000025c262c0000, 0x0000025c26530000, 0x0000025c2d7f0000]
CodeHeap 'non-nmethods': size=5760Kb used=1218Kb max_used=1234Kb free=4541Kb
 bounds [0x0000025c25d20000, 0x0000025c25f90000, 0x0000025c262c0000]
 total_blobs=1236 nmethods=479 adapters=290
 compilation: enabled
              stopped_count=0, restarted_count=0
 full_count=0

Compilation events (20 events):
Event: 703.698 Thread 0x0000025c41a9f000 nmethod 469 0x0000025c26371690 code [0x0000025c26371880, 0x0000025c26371e70]
Event: 703.698 Thread 0x0000025c41a9f000  470       3       org.eclipse.jdt.launching.internal.org.objectweb.asm.MethodWriter::visitLineNumber (50 bytes)
Event: 703.699 Thread 0x0000025c41a9f000 nmethod 470 0x0000025c26372010 code [0x0000025c26372200, 0x0000025c26372740]
Event: 703.699 Thread 0x0000025c41a9f000  472       3       org.eclipse.jdt.launching.internal.org.objectweb.asm.MethodWriter::visitLabel (328 bytes)
Event: 703.702 Thread 0x0000025c41a9f000 nmethod 472 0x0000025c26372910 code [0x0000025c26372ba0, 0x0000025c26373b60]
Event: 703.702 Thread 0x0000025c41a9f000  473       1       org.eclipse.jdt.launching.internal.org.objectweb.asm.SymbolTable::getMajorVersion (5 bytes)
Event: 703.702 Thread 0x0000025c41a9f000 nmethod 473 0x0000025c2d814290 code [0x0000025c2d814420, 0x0000025c2d814558]
Event: 703.708 Thread 0x0000025c41a99800 nmethod 471 0x0000025c2d814610 code [0x0000025c2d8147e0, 0x0000025c2d815098]
Event: 718.854 Thread 0x0000025c41a9f000  474       3       org.eclipse.jdt.launching.internal.org.objectweb.asm.ClassReader::readLabel (20 bytes)
Event: 718.855 Thread 0x0000025c41a99800  475       4       java.lang.StringUTF16::compress (50 bytes)
Event: 718.855 Thread 0x0000025c41a9f000 nmethod 474 0x0000025c26373f10 code [0x0000025c263740e0, 0x0000025c263745d8]
Event: 718.855 Thread 0x0000025c41a9f000  476       3       org.eclipse.jdt.launching.internal.org.objectweb.asm.MethodWriter::visitMethodInsn (191 bytes)
Event: 718.856 Thread 0x0000025c41a9f000 nmethod 476 0x0000025c26374790 code [0x0000025c263749e0, 0x0000025c26375390]
Event: 718.856 Thread 0x0000025c41a9f000  477       3       org.eclipse.jdt.launching.internal.org.objectweb.asm.SymbolTable::addConstantMethodref (24 bytes)
Event: 718.859 Thread 0x0000025c41a9f000 nmethod 477 0x0000025c26375710 code [0x0000025c263758c0, 0x0000025c26375b10]
Event: 718.859 Thread 0x0000025c41a9f000  478       3       org.eclipse.jdt.launching.internal.org.objectweb.asm.ByteVector::putInt (74 bytes)
Event: 718.859 Thread 0x0000025c41a9f000 nmethod 478 0x0000025c26375c10 code [0x0000025c26375dc0, 0x0000025c263760b0]
Event: 718.859 Thread 0x0000025c41a9f000  479       3       org.eclipse.jdt.launching.internal.org.objectweb.asm.SymbolTable::addConstantString (8 bytes)
Event: 718.859 Thread 0x0000025c41a9f000 nmethod 479 0x0000025c26376290 code [0x0000025c26376440, 0x0000025c26376610]
Event: 718.862 Thread 0x0000025c41a99800 nmethod 475 0x0000025c2d815490 code [0x0000025c2d815620, 0x0000025c2d815a18]

GC Heap History (0 events):
No events

Deoptimization events (20 events):
Event: 0.407 Thread 0x0000025c1d81e000 DEOPT PACKING pc=0x0000025c2632a3ad sp=0x000000ff302facb0
Event: 0.407 Thread 0x0000025c1d81e000 DEOPT UNPACKING pc=0x0000025c25d6964e sp=0x000000ff302fa178 mode 0
Event: 0.407 Thread 0x0000025c1d81e000 DEOPT PACKING pc=0x0000025c2632a3ad sp=0x000000ff302facb0
Event: 0.407 Thread 0x0000025c1d81e000 DEOPT UNPACKING pc=0x0000025c25d6964e sp=0x000000ff302fa178 mode 0
Event: 0.408 Thread 0x0000025c1d81e000 DEOPT PACKING pc=0x0000025c2632a3ad sp=0x000000ff302facb0
Event: 0.408 Thread 0x0000025c1d81e000 DEOPT UNPACKING pc=0x0000025c25d6964e sp=0x000000ff302fa178 mode 0
Event: 0.411 Thread 0x0000025c1d81e000 DEOPT PACKING pc=0x0000025c2632a178 sp=0x000000ff302fb100
Event: 0.411 Thread 0x0000025c1d81e000 DEOPT UNPACKING pc=0x0000025c25d6964e sp=0x000000ff302fa5c8 mode 0
Event: 0.437 Thread 0x0000025c1d81e000 Uncommon trap: trap_request=0xffffff45 fr.pc=0x0000025c2d7f7dcc relative=0x000000000000022c
Event: 0.437 Thread 0x0000025c1d81e000 Uncommon trap: reason=unstable_if action=reinterpret pc=0x0000025c2d7f7dcc method=java.lang.String.isLatin1()Z @ 10 c2
Event: 0.437 Thread 0x0000025c1d81e000 DEOPT PACKING pc=0x0000025c2d7f7dcc sp=0x000000ff302fc270
Event: 0.437 Thread 0x0000025c1d81e000 DEOPT UNPACKING pc=0x0000025c25d6912f sp=0x000000ff302fc1a0 mode 2
Event: 0.437 Thread 0x0000025c1d81e000 Uncommon trap: trap_request=0xffffff45 fr.pc=0x0000025c2d80798c relative=0x000000000000006c
Event: 0.437 Thread 0x0000025c1d81e000 Uncommon trap: reason=unstable_if action=reinterpret pc=0x0000025c2d80798c method=java.lang.String.isLatin1()Z @ 10 c2
Event: 0.437 Thread 0x0000025c1d81e000 DEOPT PACKING pc=0x0000025c2d80798c sp=0x000000ff302fc1f0
Event: 0.437 Thread 0x0000025c1d81e000 DEOPT UNPACKING pc=0x0000025c25d6912f sp=0x000000ff302fc190 mode 2
Event: 0.442 Thread 0x0000025c1d81e000 Uncommon trap: trap_request=0xffffff45 fr.pc=0x0000025c2d8063e4 relative=0x0000000000000044
Event: 0.442 Thread 0x0000025c1d81e000 Uncommon trap: reason=unstable_if action=reinterpret pc=0x0000025c2d8063e4 method=java.lang.CharacterData.of(I)Ljava/lang/CharacterData; @ 4 c2
Event: 0.442 Thread 0x0000025c1d81e000 DEOPT PACKING pc=0x0000025c2d8063e4 sp=0x000000ff302fe5f0
Event: 0.442 Thread 0x0000025c1d81e000 DEOPT UNPACKING pc=0x0000025c25d6912f sp=0x000000ff302fe590 mode 2

Classes unloaded (0 events):
No events

Classes redefined (3 events):
Event: 462.227 Thread 0x0000025c411e5800 redefined class name=misVideos.Uso_clases, count=1
Event: 703.700 Thread 0x0000025c411e5800 redefined class name=misVideos.Uso_clases, count=2
Event: 718.857 Thread 0x0000025c411e5800 redefined class name=misVideos.Uso_clases, count=3

Internal exceptions (1 events):
Event: 0.423 Thread 0x0000025c1d81e000 Exception <a 'java/lang/NoSuchMethodError'{0x0000000712d73fb8}: 'int java.lang.invoke.DirectMethodHandle$Holder.invokeSpecialIFC(java.lang.Object, java.lang.Object, int)'> (0x0000000712d73fb8) 
thrown [t:/workspace/open/src/hotspot/share/interpreter/linkResolver.cpp, line 767]

Events (20 events):
Event: 703.884 Executing VM operation: GetFrameCount
Event: 703.884 Executing VM operation: GetFrameCount done
Event: 703.884 Executing VM operation: GetOwnedMonitorInfo
Event: 703.884 Executing VM operation: GetOwnedMonitorInfo done
Event: 703.884 Executing VM operation: GetCurrentContendedMonitor
Event: 703.884 Executing VM operation: GetCurrentContendedMonitor done
Event: 718.856 Executing VM operation: RedefineClasses
Event: 718.859 Executing VM operation: RedefineClasses done
Event: 718.866 Executing VM operation: ChangeBreakpoints
Event: 718.866 Executing VM operation: ChangeBreakpoints done
Event: 718.867 Executing VM operation: GetFrameCount
Event: 718.867 Executing VM operation: GetFrameCount done
Event: 718.867 Executing VM operation: GetStackTrace
Event: 718.867 Executing VM operation: GetStackTrace done
Event: 719.077 Executing VM operation: GetFrameCount
Event: 719.077 Executing VM operation: GetFrameCount done
Event: 719.077 Executing VM operation: GetOwnedMonitorInfo
Event: 719.077 Executing VM operation: GetOwnedMonitorInfo done
Event: 719.077 Executing VM operation: GetCurrentContendedMonitor
Event: 719.077 Executing VM operation: GetCurrentContendedMonitor done


Dynamic libraries:
0x00007ff6620b0000 - 0x00007ff6620bf000 	C:\Program Files\Java\jdk-13.0.2\bin\javaw.exe
0x00007ffd8c360000 - 0x00007ffd8c550000 	C:\windows\SYSTEM32\ntdll.dll
0x00007ffd8b6f0000 - 0x00007ffd8b7a2000 	C:\windows\System32\KERNEL32.DLL
0x00007ffd892f0000 - 0x00007ffd89594000 	C:\windows\System32\KERNELBASE.dll
0x00007ffd895a0000 - 0x00007ffd8969a000 	C:\windows\System32\ucrtbase.dll
0x00007ffd7df50000 - 0x00007ffd7df68000 	C:\Program Files\Java\jdk-13.0.2\bin\jli.dll
0x00007ffd7df00000 - 0x00007ffd7df15000 	C:\Program Files\Java\jdk-13.0.2\bin\VCRUNTIME140.dll
0x00007ffd8a6f0000 - 0x00007ffd8a793000 	C:\windows\System32\ADVAPI32.dll
0x00007ffd8c280000 - 0x00007ffd8c31e000 	C:\windows\System32\msvcrt.dll
0x00007ffd8ace0000 - 0x00007ffd8ad77000 	C:\windows\System32\sechost.dll
0x00007ffd8be80000 - 0x00007ffd8bfa0000 	C:\windows\System32\RPCRT4.dll
0x00007ffd8ad90000 - 0x00007ffd8af24000 	C:\windows\System32\USER32.dll
0x00007ffd8a160000 - 0x00007ffd8a181000 	C:\windows\System32\win32u.dll
0x00007ffd6f900000 - 0x00007ffd6fb84000 	C:\windows\WinSxS\amd64_microsoft.windows.common-controls_6595b64144ccf1df_6.0.18362.836_none_e6c4b943130f18ed\COMCTL32.dll
0x00007ffd8afd0000 - 0x00007ffd8aff6000 	C:\windows\System32\GDI32.dll
0x00007ffd8a1c0000 - 0x00007ffd8a354000 	C:\windows\System32\gdi32full.dll
0x00007ffd8a880000 - 0x00007ffd8abb6000 	C:\windows\System32\combase.dll
0x00007ffd896a0000 - 0x00007ffd8973e000 	C:\windows\System32\msvcp_win.dll
0x00007ffd8a0c0000 - 0x00007ffd8a140000 	C:\windows\System32\bcryptPrimitives.dll
0x00007ffd7dd20000 - 0x00007ffd7dd2a000 	C:\windows\SYSTEM32\VERSION.dll
0x00007ffd8bfa0000 - 0x00007ffd8bfce000 	C:\windows\System32\IMM32.DLL
0x00007ffd4eb70000 - 0x00007ffd4ec0b000 	C:\Program Files\Java\jdk-13.0.2\bin\msvcp140.dll
0x00007ffd19130000 - 0x00007ffd19c8d000 	C:\Program Files\Java\jdk-13.0.2\bin\server\jvm.dll
0x00007ffd8a870000 - 0x00007ffd8a878000 	C:\windows\System32\PSAPI.DLL
0x00007ffd83ce0000 - 0x00007ffd83ce9000 	C:\windows\SYSTEM32\WSOCK32.dll
0x00007ffd83670000 - 0x00007ffd83694000 	C:\windows\SYSTEM32\WINMM.dll
0x00007ffd8a4e0000 - 0x00007ffd8a54f000 	C:\windows\System32\WS2_32.dll
0x00007ffd83640000 - 0x00007ffd8366d000 	C:\windows\SYSTEM32\WINMMBASE.dll
0x00007ffd8a070000 - 0x00007ffd8a0ba000 	C:\windows\System32\cfgmgr32.dll
0x00007ffd892d0000 - 0x00007ffd892e1000 	C:\windows\System32\kernel.appcore.dll
0x00007ffd83cd0000 - 0x00007ffd83ce0000 	C:\Program Files\Java\jdk-13.0.2\bin\verify.dll
0x00007ffd84b00000 - 0x00007ffd84cf4000 	C:\windows\SYSTEM32\DBGHELP.DLL
0x00007ffd6ce90000 - 0x00007ffd6ceba000 	C:\windows\SYSTEM32\dbgcore.DLL
0x00007ffd82650000 - 0x00007ffd82676000 	C:\Program Files\Java\jdk-13.0.2\bin\java.dll
0x00007ffd4c960000 - 0x00007ffd4c998000 	C:\Program Files\Java\jdk-13.0.2\bin\jdwp.dll
0x00007ffd7dff0000 - 0x00007ffd7dffe000 	C:\Program Files\Java\jdk-13.0.2\bin\instrument.dll
0x00007ffd82840000 - 0x00007ffd82857000 	C:\Program Files\Java\jdk-13.0.2\bin\zip.dll
0x00007ffd7f7d0000 - 0x00007ffd7f7da000 	C:\Program Files\Java\jdk-13.0.2\bin\jimage.dll
0x00007ffd8b000000 - 0x00007ffd8b6e4000 	C:\windows\System32\SHELL32.dll
0x00007ffd8bc20000 - 0x00007ffd8bcc9000 	C:\windows\System32\shcore.dll
0x00007ffd89740000 - 0x00007ffd89ebe000 	C:\windows\System32\windows.storage.dll
0x00007ffd89230000 - 0x00007ffd89253000 	C:\windows\System32\profapi.dll
0x00007ffd89260000 - 0x00007ffd892aa000 	C:\windows\System32\powrprof.dll
0x00007ffd89220000 - 0x00007ffd89230000 	C:\windows\System32\UMPDC.dll
0x00007ffd8c220000 - 0x00007ffd8c272000 	C:\windows\System32\shlwapi.dll
0x00007ffd8a140000 - 0x00007ffd8a157000 	C:\windows\System32\cryptsp.dll
0x00007ffd7df40000 - 0x00007ffd7df4b000 	C:\Program Files\Java\jdk-13.0.2\bin\dt_socket.dll
0x00007ffd88a90000 - 0x00007ffd88af7000 	C:\windows\system32\mswsock.dll
0x00007ffd887f0000 - 0x00007ffd888bb000 	C:\windows\SYSTEM32\DNSAPI.dll
0x00007ffd8c130000 - 0x00007ffd8c138000 	C:\windows\System32\NSI.dll
0x00007ffd887a0000 - 0x00007ffd887da000 	C:\windows\SYSTEM32\IPHLPAPI.DLL
0x00007ffd707e0000 - 0x00007ffd707ea000 	C:\Windows\System32\rasadhlp.dll
0x00007ffd75800000 - 0x00007ffd75877000 	C:\windows\System32\fwpuclnt.dll
0x00007ffd8a190000 - 0x00007ffd8a1b6000 	C:\windows\System32\bcrypt.dll
0x00007ffd7e180000 - 0x00007ffd7e199000 	C:\Program Files\Java\jdk-13.0.2\bin\net.dll
0x00007ffd75040000 - 0x00007ffd75130000 	C:\windows\SYSTEM32\WINHTTP.dll
0x00007ffd712a0000 - 0x00007ffd712b3000 	C:\Program Files\Java\jdk-13.0.2\bin\nio.dll

dbghelp: loaded successfully - version: 4.0.5 - missing functions: none
symbol engine: initialized successfully - sym options: 0x614 - pdb path: .;C:\Program Files\Java\jdk-13.0.2\bin;C:\windows\SYSTEM32;C:\windows\WinSxS\amd64_microsoft.windows.common-controls_6595b64144ccf1df_6.0.18362.836_none_e6c4b943130f18ed;C:\Program Files\Java\jdk-13.0.2\bin\server

VM Arguments:
jvm_args: -agentlib:jdwp=transport=dt_socket,suspend=y,address=localhost:58254 -javaagent:C:\Users\guaup\eclipse\java-2020-03\eclipse\configuration\org.eclipse.osgi\223\0\.cp\lib\javaagent-shaded.jar -Dfile.encoding=Cp1252 
java_command: misVideos.Uso_clases
java_class_path (initial): C:\Users\guaup\Desktop\Java\Exercici_Video\bin
Launcher Type: SUN_STANDARD

[Global flags]
     intx CICompilerCount                          = 4                                         {product} {ergonomic}
     uint ConcGCThreads                            = 2                                         {product} {ergonomic}
     uint G1ConcRefinementThreads                  = 8                                         {product} {ergonomic}
   size_t G1HeapRegionSize                         = 1048576                                   {product} {ergonomic}
    uintx GCDrainStackTargetSize                   = 64                                        {product} {ergonomic}
   size_t InitialHeapSize                          = 266338304                                 {product} {ergonomic}
   size_t MarkStackSize                            = 4194304                                   {product} {ergonomic}
   size_t MaxHeapSize                              = 4240441344                                {product} {ergonomic}
   size_t MaxNewSize                               = 2543845376                                {product} {ergonomic}
   size_t MinHeapDeltaBytes                        = 1048576                                   {product} {ergonomic}
   size_t MinHeapSize                              = 8388608                                   {product} {ergonomic}
    uintx NonNMethodCodeHeapSize                   = 5839372                                {pd product} {ergonomic}
    uintx NonProfiledCodeHeapSize                  = 122909434                              {pd product} {ergonomic}
    uintx ProfiledCodeHeapSize                     = 122909434                              {pd product} {ergonomic}
    uintx ReservedCodeCacheSize                    = 251658240                              {pd product} {ergonomic}
     bool SegmentedCodeCache                       = true                                      {product} {ergonomic}
   size_t SoftMaxHeapSize                          = 4240441344                             {manageable} {ergonomic}
     bool UseCompressedClassPointers               = true                                 {lp64_product} {ergonomic}
     bool UseCompressedOops                        = true                                 {lp64_product} {ergonomic}
     bool UseG1GC                                  = true                                      {product} {ergonomic}
     bool UseLargePagesIndividualAllocation        = false                                  {pd product} {ergonomic}

Logging:
Log output configuration:
 #0: stdout all=warning uptime,level,tags
 #1: stderr all=off uptime,level,tags

Environment Variables:
PATH=C:/Program Files/Java/jdk-13.0.2/bin/server;C:/Program Files/Java/jdk-13.0.2/bin;C:\Program Files (x86)\Common Files\Oracle\Java\javapath;C:\windows\system32;C:\windows;C:\windows\System32\Wbem;C:\windows\System32\WindowsPowerShell\v1.0\;C:\windows\System32\OpenSSH\;C:\Program Files\Git\cmd;C:\xampp\php;C:\ProgramData\ComposerSetup\bin;C:\Program Files\nodejs\;C:\Users\guaup\AppData\Local\Microsoft\WindowsApps;;C:\Users\guaup\AppData\Local\Programs\Microsoft VS Code\bin;C:\Users\guaup\AppData\Roaming\Composer\vendor\bin;C:\Users\guaup\AppData\Roaming\npm;C:\Users\guaup\Desktop;
USERNAME=guaup
OS=Windows_NT
PROCESSOR_IDENTIFIER=Intel64 Family 6 Model 142 Stepping 12, GenuineIntel



---------------  S Y S T E M  ---------------

OS: Windows 10 , 64 bit Build 18362 (10.0.18362.778)

CPU:total 8 (initial active 8) (4 cores per cpu, 2 threads per core) family 6 model 142 stepping 12, cmov, cx8, fxsr, mmx, sse, sse2, sse3, ssse3, sse4.1, sse4.2, popcnt, avx, avx2, aes, clmul, erms, 3dnowpref, lzcnt, ht, tsc, tscinvbit, bmi1, bmi2, adx, fma

Memory: 4k page, system-wide physical 16171M (8664M free)
TotalPageFile size 23339M (AvailPageFile size 9407M)
current process WorkingSet (physical memory assigned to process): 44M, peak: 45M
current process commit charge ("private bytes"): 347M, peak: 350M

vm_info: Java HotSpot(TM) 64-Bit Server VM (13.0.2+8) for windows-amd64 JRE (13.0.2+8), built on Dec 11 2019 09:20:33 by "mach5one" with unknown MS VC++:1916

END.
